<?xml version="1.0" encoding="UTF-8"?>
<testng-results ignored="0" total="3" passed="3" failed="0" skipped="0">
  <reporter-output>
  </reporter-output>
  <suite started-at="2023-06-02T12:42:58 IST" name="Default suite" finished-at="2023-06-02T12:43:05 IST" duration-ms="7176">
    <groups>
    </groups>
    <test started-at="2023-06-02T12:42:58 IST" name="Default test" finished-at="2023-06-02T12:43:05 IST" duration-ms="7176">
      <class name="com.selenium.Day7.NewTest">
        <test-method signature="afterTest()[pri:0, instance:com.selenium.Day7.NewTest@47d7bfb3]" started-at="2023-06-02T12:42:58 IST" name="afterTest" finished-at="2023-06-02T12:42:58 IST" duration-ms="134" status="PASS">
          <reporter-output>
          </reporter-output>
        </test-method> <!-- afterTest -->
        <test-method signature="beforeTest()[pri:0, instance:com.selenium.Day7.NewTest@47d7bfb3]" started-at="2023-06-02T12:42:58 IST" name="beforeTest" finished-at="2023-06-02T12:43:01 IST" duration-ms="2857" status="PASS">
          <reporter-output>
          </reporter-output>
        </test-method> <!-- beforeTest -->
        <test-method signature="facebook()[pri:0, instance:com.selenium.Day7.NewTest@47d7bfb3]" started-at="2023-06-02T12:43:01 IST" name="facebook" finished-at="2023-06-02T12:43:05 IST" depends-on-methods="com.selenium.Day7.NewTest.beforeTest" duration-ms="4160" status="PASS">
          <reporter-output>
          </reporter-output>
        </test-method> <!-- facebook -->
      </class> <!-- com.selenium.Day7.NewTest -->
    </test> <!-- Default test -->
  </suite> <!-- Default suite -->
</testng-results>
