<?xml version="1.0" encoding="UTF-8"?>
<!-- Generated by org.testng.reporters.JUnitXMLReporter -->
<testsuite ignored="0" hostname="PREDATOR" failures="0" tests="3" name="Default test" time="7.176" errors="0" timestamp="2023-06-02T12:43:05 IST">
  <testcase classname="com.selenium.Day7.NewTest" name="afterTest" time="0.134"/>
  <testcase classname="com.selenium.Day7.NewTest" name="beforeTest" time="2.857"/>
  <testcase classname="com.selenium.Day7.NewTest" name="facebook" time="4.16"/>
</testsuite> <!-- Default test -->
