<?xml version="1.0" encoding="UTF-8"?>
<!-- Generated by org.testng.reporters.JUnitXMLReporter -->
<testsuite ignored="0" hostname="PREDATOR" failures="0" tests="4" name="Default test" time="26.27" errors="0" timestamp="2023-06-05T10:34:19 IST">
  <testcase classname="com.selenium.Day7.Task5" name="TeastCase_01" time="10.125"/>
  <testcase classname="com.selenium.Day7.Task5" name="TestCase_02" time="6.412"/>
  <testcase classname="com.selenium.Day7.Task5" name="TestCase_03" time="9.701"/>
  <testcase classname="com.selenium.Day7.Task5" name="f" time="0.001"/>
</testsuite> <!-- Default test -->
